TN:
SF:script/ConfigBasePeers.sol
DA:14,0
FN:14,ConfigBasePeers.run
FNDA:0,ConfigBasePeers.run
DA:15,0
DA:18,0
DA:19,0
DA:20,0
DA:22,0
DA:23,0
DA:24,0
DA:27,0
DA:28,0
DA:31,0
DA:36,0
DA:37,0
DA:38,0
DA:39,0
DA:40,0
DA:41,0
DA:45,0
DA:46,0
DA:47,0
DA:48,0
DA:49,0
DA:50,0
DA:53,0
DA:55,0
FNF:1
FNH:0
LF:25
LH:0
BRF:0
BRH:0
end_of_record
TN:
SF:script/ConfigCrossChainAssets.sol
DA:23,0
FN:23,ConfigCrossChainAssets.run
FNDA:0,ConfigCrossChainAssets.run
DA:24,0
DA:25,0
DA:28,0
DA:31,0
DA:32,0
DA:35,0
DA:38,0
BRDA:38,0,0,-
DA:39,0
DA:40,0
DA:41,0
DA:46,0
DA:47,0
DA:48,0
DA:51,0
DA:53,0
DA:54,0
DA:58,0
DA:59,0
DA:61,0
DA:62,0
DA:63,0
DA:65,0
DA:66,0
DA:67,0
DA:68,0
DA:69,0
DA:70,0
DA:74,0
DA:75,0
DA:76,0
DA:78,0
DA:81,0
FN:81,ConfigCrossChainAssets.setupMapping
FNDA:0,ConfigCrossChainAssets.setupMapping
DA:92,0
DA:93,0
BRDA:93,1,0,-
DA:94,0
DA:95,0
DA:99,0
DA:100,0
DA:102,0
BRDA:102,2,0,-
DA:103,0
DA:104,0
DA:107,0
BRDA:107,3,0,-
DA:108,0
DA:109,0
DA:113,0
DA:114,0
DA:115,0
DA:116,0
DA:117,0
DA:118,0
DA:119,0
DA:120,0
DA:125,0
FN:125,ConfigCrossChainAssets.getDeploymentInfo
FNDA:0,ConfigCrossChainAssets.getDeploymentInfo
DA:133,0
DA:134,0
BRDA:134,4,0,-
DA:136,0
DA:137,0
DA:138,0
DA:139,0
DA:140,0
DA:143,0
FN:143,ConfigCrossChainAssets.getTokenAddress
FNDA:0,ConfigCrossChainAssets.getTokenAddress
DA:152,0
DA:153,0
DA:154,0
DA:155,0
DA:156,0
DA:160,0
FN:160,ConfigCrossChainAssets.getChainId
FNDA:0,ConfigCrossChainAssets.getChainId
DA:161,0
DA:162,0
DA:163,0
DA:164,0
DA:167,0
FN:167,ConfigCrossChainAssets.toLowercase
FNDA:0,ConfigCrossChainAssets.toLowercase
DA:168,0
DA:169,0
DA:171,0
DA:172,0
BRDA:172,8,0,-
BRDA:172,8,1,-
DA:173,0
DA:175,0
DA:179,0
DA:182,0
FN:182,ConfigCrossChainAssets.equalStrings
FNDA:0,ConfigCrossChainAssets.equalStrings
DA:183,0
FNF:7
FNH:0
LF:82
LH:0
BRF:7
BRH:0
end_of_record
TN:
SF:script/ConfigCrossChainCategories.sol
DA:30,0
FN:30,ConfigCrossChainCategories.getDeploymentInfo
FNDA:0,ConfigCrossChainCategories.getDeploymentInfo
DA:38,0
DA:40,0
BRDA:40,0,0,-
DA:41,0
DA:44,0
DA:46,0
DA:47,0
DA:48,0
DA:49,0
DA:50,0
DA:51,0
DA:52,0
DA:53,0
DA:55,0
DA:58,0
FN:58,ConfigCrossChainCategories.getAssetCategory
FNDA:0,ConfigCrossChainCategories.getAssetCategory
DA:59,0
DA:63,0
DA:64,0
DA:65,0
BRDA:65,1,0,-
DA:66,0
DA:70,0
BRDA:70,2,0,-
DA:71,0
DA:76,0
DA:77,0
DA:78,0
DA:79,0
DA:80,0
BRDA:80,3,0,-
DA:81,0
DA:85,0
DA:88,0
FN:88,ConfigCrossChainCategories.run
FNDA:0,ConfigCrossChainCategories.run
DA:89,0
DA:90,0
DA:93,0
DA:94,0
DA:97,0
DA:98,0
DA:101,0
DA:102,0
DA:103,0
DA:106,0
DA:109,0
DA:112,0
DA:113,0
DA:116,0
DA:123,0
DA:130,0
DA:138,0
DA:145,0
DA:152,0
DA:160,0
DA:161,0
DA:162,0
DA:165,0
DA:174,0
DA:176,0
BRDA:176,4,0,-
DA:177,0
DA:178,0
DA:181,0
DA:184,0
DA:185,0
DA:186,0
DA:187,0
DA:188,0
DA:189,0
DA:193,0
DA:197,0
FN:197,ConfigCrossChainCategories.equalStrings
FNDA:0,ConfigCrossChainCategories.equalStrings
DA:198,0
FNF:4
FNH:0
LF:67
LH:0
BRF:5
BRH:0
end_of_record
TN:
SF:script/ConfigLzEndpoint.sol
DA:23,0
FN:23,ConfigLzEndpoint.getDeploymentInfo
FNDA:0,ConfigLzEndpoint.getDeploymentInfo
DA:31,0
DA:33,0
BRDA:33,0,0,-
DA:34,0
DA:37,0
DA:39,0
DA:40,0
DA:41,0
DA:42,0
DA:43,0
DA:44,0
DA:45,0
DA:46,0
DA:48,0
DA:52,0
FN:52,ConfigLzEndpoint.getChainNameForLzId
FNDA:0,ConfigLzEndpoint.getChainNameForLzId
DA:53,0
BRDA:53,1,0,-
BRDA:53,1,1,-
DA:54,0
DA:55,0
BRDA:55,2,0,-
BRDA:55,2,1,-
DA:56,0
DA:57,0
BRDA:57,3,0,-
BRDA:57,3,1,-
DA:58,0
DA:59,0
BRDA:59,4,0,-
BRDA:59,4,1,-
DA:60,0
DA:61,0
BRDA:61,5,0,-
DA:62,0
DA:64,0
DA:68,0
FN:68,ConfigLzEndpoint.getChainIdForLzId
FNDA:0,ConfigLzEndpoint.getChainIdForLzId
DA:69,0
BRDA:69,6,0,-
BRDA:69,6,1,-
DA:70,0
DA:71,0
BRDA:71,7,0,-
BRDA:71,7,1,-
DA:72,0
DA:73,0
BRDA:73,8,0,-
BRDA:73,8,1,-
DA:74,0
DA:75,0
BRDA:75,9,0,-
BRDA:75,9,1,-
DA:76,0
DA:77,0
BRDA:77,10,0,-
DA:78,0
DA:80,0
DA:83,0
FN:83,ConfigLzEndpoint.run
FNDA:0,ConfigLzEndpoint.run
DA:84,0
DA:85,0
DA:88,0
DA:89,0
DA:91,0
BRDA:91,11,0,-
DA:92,0
DA:93,0
DA:94,0
DA:97,0
DA:98,0
DA:99,0
DA:102,0
DA:103,0
DA:106,0
DA:109,0
DA:110,0
DA:112,0
DA:113,0
DA:114,0
DA:116,0
DA:117,0
DA:119,0
BRDA:119,12,0,-
DA:120,0
DA:121,0
DA:122,0
DA:125,0
DA:128,0
DA:129,0
DA:131,0
BRDA:131,13,0,-
DA:132,0
DA:133,0
DA:134,0
DA:137,0
DA:138,0
DA:139,0
DA:141,0
DA:143,0
DA:144,0
DA:154,0
DA:155,0
DA:156,0
DA:157,0
DA:161,0
FNF:4
FNH:0
LF:82
LH:0
BRF:22
BRH:0
end_of_record
TN:
SF:script/ConfigPriceFeeds.sol
DA:34,0
FN:34,ConfigPriceFeeds.run
FNDA:0,ConfigPriceFeeds.run
DA:36,0
DA:37,0
DA:38,0
DA:39,0
DA:42,0
DA:43,0
DA:44,0
DA:47,0
DA:48,0
DA:51,0
DA:52,0
DA:53,0
DA:54,0
DA:57,0
DA:58,0
DA:61,0
DA:64,0
DA:68,0
FN:68,ConfigPriceFeeds._readDeploymentInfo
FNDA:0,ConfigPriceFeeds._readDeploymentInfo
DA:69,0
DA:71,0
DA:72,0
DA:73,0
DA:74,0
DA:76,0
DA:80,0
FN:80,ConfigPriceFeeds._configureAdapters
FNDA:0,ConfigPriceFeeds._configureAdapters
DA:89,0
DA:90,0
DA:92,0
DA:93,0
DA:94,0
DA:95,0
DA:98,0
DA:99,0
BRDA:99,1,0,-
DA:100,0
DA:104,0
DA:108,0
FN:108,ConfigPriceFeeds._configureAssetCategories
FNDA:0,ConfigPriceFeeds._configureAssetCategories
DA:117,0
DA:118,0
DA:120,0
DA:121,0
DA:122,0
DA:123,0
DA:125,0
DA:126,0
BRDA:126,3,0,-
DA:127,0
DA:128,0
DA:131,0
DA:132,0
DA:133,0
DA:134,0
DA:135,0
DA:136,0
DA:140,0
DA:144,0
FN:144,ConfigPriceFeeds._getTokenAddress
FNDA:0,ConfigPriceFeeds._getTokenAddress
DA:153,0
DA:154,0
DA:155,0
DA:156,0
DA:157,0
DA:158,0
DA:163,0
FN:163,ConfigPriceFeeds._getChainlinkFeedInfo
FNDA:0,ConfigPriceFeeds._getChainlinkFeedInfo
DA:171,0
DA:173,0
DA:174,0
DA:175,0
DA:176,0
DA:179,0
DA:180,0
DA:181,0
DA:183,0
DA:186,0
DA:190,0
FN:190,ConfigPriceFeeds._addAssetToChainlink
FNDA:0,ConfigPriceFeeds._addAssetToChainlink
DA:199,0
DA:201,0
DA:202,0
DA:203,0
DA:204,0
DA:205,0
DA:206,0
DA:211,0
FN:211,ConfigPriceFeeds._getAssetCategory
FNDA:0,ConfigPriceFeeds._getAssetCategory
DA:212,0
DA:215,0
BRDA:215,4,0,-
DA:216,0
DA:220,0
BRDA:220,5,0,-
DA:221,0
DA:225,0
BRDA:225,6,0,-
DA:226,0
DA:229,0
DA:233,0
FN:233,ConfigPriceFeeds._isBtcLike
FNDA:0,ConfigPriceFeeds._isBtcLike
DA:234,0
DA:241,0
FN:241,ConfigPriceFeeds._isEthLike
FNDA:0,ConfigPriceFeeds._isEthLike
DA:242,0
DA:253,0
FN:253,ConfigPriceFeeds._isStable
FNDA:0,ConfigPriceFeeds._isStable
DA:254,0
DA:263,0
FN:263,ConfigPriceFeeds._toLower
FNDA:0,ConfigPriceFeeds._toLower
DA:264,0
DA:265,0
DA:267,0
DA:268,0
BRDA:268,7,0,-
BRDA:268,7,1,-
DA:269,0
DA:271,0
DA:275,0
FNF:12
FNH:0
LF:103
LH:0
BRF:7
BRH:0
end_of_record
TN:
SF:script/DeploySharePriceRouter.sol
DA:22,0
FN:22,DeploySharePriceRouter.createDeploymentJson
FNDA:0,DeploySharePriceRouter.createDeploymentJson
DA:30,0
DA:48,0
FN:48,DeploySharePriceRouter._jsonPair
FNDA:0,DeploySharePriceRouter._jsonPair
DA:49,0
BRDA:49,0,0,-
BRDA:49,0,1,-
DA:50,0
DA:52,0
DA:57,0
FN:57,DeploySharePriceRouter._jsonPairNum
FNDA:0,DeploySharePriceRouter._jsonPairNum
DA:66,0
BRDA:66,1,0,-
BRDA:66,1,1,-
DA:67,0
DA:69,0
DA:74,0
FN:74,DeploySharePriceRouter.getTokenAddresses
FNDA:0,DeploySharePriceRouter.getTokenAddresses
DA:75,0
BRDA:75,2,0,-
BRDA:75,2,1,-
DA:77,0
DA:78,0
DA:79,0
DA:80,0
BRDA:80,3,0,-
BRDA:80,3,1,-
DA:82,0
DA:83,0
DA:84,0
DA:85,0
BRDA:85,4,0,-
BRDA:85,4,1,-
DA:87,0
DA:88,0
DA:89,0
DA:90,0
BRDA:90,5,0,-
BRDA:90,5,1,-
DA:92,0
DA:93,0
DA:94,0
DA:97,0
DA:98,0
DA:99,0
DA:104,0
FN:104,DeploySharePriceRouter.logDeployment
FNDA:0,DeploySharePriceRouter.logDeployment
DA:105,0
DA:106,0
DA:107,0
DA:108,0
DA:109,0
DA:110,0
DA:111,0
DA:112,0
DA:113,0
DA:117,0
FN:117,DeploySharePriceRouter.saveDeployment
FNDA:0,DeploySharePriceRouter.saveDeployment
DA:118,0
DA:119,0
DA:121,0
DA:122,0
DA:123,0
DA:126,0
FN:126,DeploySharePriceRouter.run
FNDA:0,DeploySharePriceRouter.run
DA:128,0
DA:129,0
DA:130,0
DA:131,0
BRDA:131,6,0,-
DA:132,0
DA:136,0
DA:139,0
DA:142,0
DA:145,0
DA:146,0
DA:149,0
DA:150,0
DA:152,0
DA:153,0
DA:155,0
DA:156,0
DA:158,0
DA:159,0
DA:162,0
BRDA:162,7,0,-
DA:163,0
DA:164,0
DA:165,0
DA:168,0
DA:171,0
DA:174,0
FNF:7
FNH:0
LF:72
LH:0
BRF:14
BRH:0
end_of_record
TN:
SF:script/SendSharePrices.sol
DA:24,0
FN:24,SendSharePrices.getDeploymentInfo
FNDA:0,SendSharePrices.getDeploymentInfo
DA:32,0
DA:34,0
BRDA:34,0,0,-
DA:35,0
DA:38,0
DA:40,0
DA:41,0
DA:42,0
DA:43,0
DA:44,0
DA:45,0
DA:46,0
DA:47,0
DA:49,0
DA:52,0
FN:52,SendSharePrices.run
FNDA:0,SendSharePrices.run
DA:54,0
DA:55,0
DA:58,0
DA:59,0
DA:61,0
DA:62,0
DA:63,0
DA:66,0
DA:67,0
DA:70,0
DA:71,0
DA:82,0
DA:83,0
DA:94,0
DA:97,0
DA:100,0
DA:101,0
DA:102,0
DA:105,0
DA:106,0
DA:107,0
DA:109,0
DA:110,0
DA:113,0
DA:114,0
DA:116,0
DA:117,0
DA:118,0
DA:121,0
DA:123,0
DA:124,0
DA:125,0
DA:126,0
DA:127,0
DA:128,0
DA:129,0
DA:131,0
DA:132,0
DA:133,0
DA:134,0
DA:138,0
DA:139,0
DA:140,0
DA:142,0
DA:143,0
DA:146,0
DA:147,0
DA:149,0
DA:150,0
DA:151,0
DA:154,0
DA:156,0
DA:157,0
DA:158,0
DA:159,0
DA:160,0
DA:161,0
DA:162,0
DA:164,0
DA:165,0
DA:166,0
DA:167,0
DA:171,0
DA:172,0
DA:174,0
FNF:2
FNH:0
LF:80
LH:0
BRF:1
BRH:0
end_of_record
TN:
SF:script/SimpleValidate.sol
DA:10,0
FN:10,SimpleValidate.run
FNDA:0,SimpleValidate.run
DA:12,0
DA:13,0
DA:15,0
DA:18,0
DA:19,0
DA:20,0
DA:23,0
DA:26,0
DA:27,0
DA:28,0
DA:29,0
DA:31,0
BRDA:31,0,0,-
BRDA:31,0,1,-
DA:32,0
DA:33,0
DA:35,0
DA:39,0
DA:40,0
DA:41,0
DA:42,0
DA:43,0
DA:44,0
DA:45,0
DA:46,0
DA:47,0
DA:51,0
DA:52,0
DA:53,0
DA:54,0
DA:55,0
DA:56,0
DA:57,0
DA:58,0
DA:59,0
DA:63,0
DA:64,0
DA:65,0
DA:67,0
DA:68,0
DA:69,0
DA:70,0
DA:71,0
DA:72,0
FNF:1
FNH:0
LF:43
LH:0
BRF:2
BRH:0
end_of_record
TN:
SF:script/libs/ChainConfig.sol
DA:16,0
FN:16,ChainConfig.getConfigByLzId
FNDA:0,ChainConfig.getConfigByLzId
DA:17,0
BRDA:17,0,0,-
BRDA:17,0,1,-
DA:18,0
DA:19,0
BRDA:19,1,0,-
BRDA:19,1,1,-
DA:20,0
DA:21,0
BRDA:21,2,0,-
BRDA:21,2,1,-
DA:22,0
DA:23,0
BRDA:23,3,0,-
BRDA:23,3,1,-
DA:24,0
DA:25,0
BRDA:25,4,0,-
BRDA:25,4,1,-
DA:26,0
DA:27,0
BRDA:27,5,0,-
BRDA:27,5,1,-
DA:28,0
DA:29,0
BRDA:29,6,0,-
BRDA:29,6,1,-
DA:30,0
DA:31,0
BRDA:31,7,0,-
BRDA:31,7,1,-
DA:32,0
DA:33,0
BRDA:33,8,0,-
BRDA:33,8,1,-
DA:34,0
DA:35,0
BRDA:35,9,0,-
DA:36,0
DA:49,0
DA:52,0
FN:52,ChainConfig.getConfig
FNDA:0,ChainConfig.getConfig
DA:53,0
BRDA:53,10,0,-
BRDA:53,10,1,-
DA:55,0
DA:62,0
BRDA:62,11,0,-
BRDA:62,11,1,-
DA:64,0
DA:71,0
BRDA:71,12,0,-
BRDA:71,12,1,-
DA:73,0
DA:80,0
BRDA:80,13,0,-
BRDA:80,13,1,-
DA:82,0
DA:89,0
BRDA:89,14,0,-
BRDA:89,14,1,-
DA:91,0
DA:98,0
BRDA:98,15,0,-
BRDA:98,15,1,-
DA:100,0
DA:107,0
BRDA:107,16,0,-
BRDA:107,16,1,-
DA:109,0
DA:116,0
BRDA:116,17,0,-
BRDA:116,17,1,-
DA:118,0
DA:125,0
BRDA:125,18,0,-
BRDA:125,18,1,-
DA:127,0
DA:134,0
BRDA:134,19,0,-
DA:136,0
DA:189,0
FNF:2
FNH:0
LF:44
LH:0
BRF:38
BRH:0
end_of_record
TN:
SF:src/MaxLzEndpoint.sol
DA:87,65
FN:87,MaxLzEndpoint.constructor
FNDA:65,MaxLzEndpoint.constructor
DA:88,65
BRDA:88,0,0,2
DA:90,63
DA:91,63
DA:93,63
DA:100,3
FN:100,MaxLzEndpoint.setLzEndpoint
FNDA:3,MaxLzEndpoint.setLzEndpoint
DA:101,2
BRDA:101,1,0,2
DA:102,0
BRDA:102,2,0,-
DA:103,0
DA:104,0
DA:107,127
FN:107,MaxLzEndpoint.setPeer
FNDA:127,MaxLzEndpoint.setPeer
DA:108,126
BRDA:108,3,0,1
DA:109,125
DA:110,125
DA:113,4
FN:113,MaxLzEndpoint.setEnforcedOptions
FNDA:4,MaxLzEndpoint.setEnforcedOptions
DA:114,3
DA:115,3
DA:116,3
DA:117,2
DA:119,2
DA:122,2
DA:128,4
FN:128,MaxLzEndpoint.refundETH
FNDA:4,MaxLzEndpoint.refundETH
DA:129,3
BRDA:129,4,0,1
DA:130,2
BRDA:130,5,0,2
DA:132,0
DA:133,0
BRDA:133,6,0,-
DA:140,3
FN:140,MaxLzEndpoint.sendSharePrices
FNDA:3,MaxLzEndpoint.sendSharePrices
DA:149,3
DA:150,3
DA:151,3
DA:153,3
DA:154,2
BRDA:154,7,0,1
DA:156,1
DA:157,1
DA:160,3
FN:160,MaxLzEndpoint.requestSharePrices
FNDA:3,MaxLzEndpoint.requestSharePrices
DA:170,3
DA:171,3
DA:173,3
DA:174,3
BRDA:174,8,0,1
DA:176,2
DA:177,2
DA:185,14
FN:185,MaxLzEndpoint.newOptions
FNDA:14,MaxLzEndpoint.newOptions
DA:186,14
DA:190,14
FN:190,MaxLzEndpoint.addExecutorLzReceiveOption
FNDA:14,MaxLzEndpoint.addExecutorLzReceiveOption
DA:199,14
DA:201,14
DA:211,5
FN:211,MaxLzEndpoint.estimateFees
FNDA:5,MaxLzEndpoint.estimateFees
DA:221,5
DA:222,5
DA:230,2
FN:230,MaxLzEndpoint.allowInitializePath
FNDA:2,MaxLzEndpoint.allowInitializePath
DA:231,2
DA:235,1
FN:235,MaxLzEndpoint.nextNonce
FNDA:1,MaxLzEndpoint.nextNonce
DA:236,0
DA:240,8
FN:240,MaxLzEndpoint.lzReceive
FNDA:8,MaxLzEndpoint.lzReceive
DA:251,8
BRDA:251,9,0,1
DA:253,7
BRDA:253,10,0,1
DA:254,1
DA:257,1
BRDA:257,11,0,1
DA:259,5
DA:261,5
DA:263,4
BRDA:263,12,0,2
BRDA:263,12,1,2
DA:264,2
DA:266,2
DA:267,2
BRDA:267,13,0,2
DA:268,2
DA:271,4
DA:279,2
FN:279,MaxLzEndpoint._handleABAResponse
FNDA:2,MaxLzEndpoint._handleABAResponse
DA:280,2
DA:281,2
DA:283,2
DA:285,2
DA:286,2
DA:288,2
DA:290,2
DA:292,2
BRDA:292,14,0,-
DA:294,2
DA:298,25
FN:298,MaxLzEndpoint._getPeerOrRevert
FNDA:25,MaxLzEndpoint._getPeerOrRevert
DA:299,25
DA:300,25
BRDA:300,15,0,-
DA:301,25
DA:305,13
FN:305,MaxLzEndpoint._quote
FNDA:13,MaxLzEndpoint._quote
DA:314,13
DA:320,5
FN:320,MaxLzEndpoint._lzSend
FNDA:5,MaxLzEndpoint._lzSend
DA:331,5
BRDA:331,16,0,-
DA:332,5
BRDA:332,17,0,-
DA:334,5
DA:340,13
FN:340,MaxLzEndpoint._getCombinedOptions
FNDA:13,MaxLzEndpoint._getCombinedOptions
DA:349,13
DA:351,13
DA:352,1
DA:353,1
BRDA:353,20,0,-
DA:355,1
DA:357,1
DA:359,1
BRDA:359,21,0,-
DA:361,1
DA:363,1
DA:364,1
DA:365,1
DA:366,1
DA:369,2
DA:370,1
DA:374,1
DA:375,2
DA:376,1
DA:379,1
DA:383,3
FN:383,MaxLzEndpoint._assertOptionsType3
FNDA:3,MaxLzEndpoint._assertOptionsType3
DA:384,3
BRDA:384,22,0,-
DA:386,3
DA:388,3
DA:390,3
BRDA:390,23,0,1
FNF:19
FNH:19
LF:110
LH:104
BRF:23
BRH:14
end_of_record
TN:
SF:src/SharePriceRouter.sol
DA:163,23
FN:163,SharePriceRouter.onlyEndpoint
FNDA:23,SharePriceRouter.onlyEndpoint
DA:164,23
DA:169,1
FN:169,SharePriceRouter.onlyAdmin
FNDA:1,SharePriceRouter.onlyAdmin
DA:170,1
DA:177,169
FN:177,SharePriceRouter.constructor
FNDA:169,SharePriceRouter.constructor
DA:178,169
BRDA:178,0,0,-
DA:179,169
BRDA:179,1,0,-
DA:180,169
BRDA:180,2,0,-
DA:181,169
BRDA:181,3,0,-
DA:182,169
BRDA:182,4,0,-
DA:184,169
DA:185,169
DA:186,169
DA:187,169
DA:188,169
DA:191,169
DA:192,169
DA:193,169
DA:195,169
DA:196,169
DA:208,237
FN:208,SharePriceRouter.grantRole
FNDA:237,SharePriceRouter.grantRole
DA:209,237
BRDA:209,5,0,-
DA:210,237
BRDA:210,6,0,1
DA:212,236
DA:213,236
DA:222,1
FN:222,SharePriceRouter.revokeRole
FNDA:1,SharePriceRouter.revokeRole
DA:223,1
BRDA:223,7,0,-
DA:224,1
BRDA:224,8,0,-
DA:226,1
DA:227,1
DA:236,146
FN:236,SharePriceRouter.addAdapter
FNDA:146,SharePriceRouter.addAdapter
DA:237,146
BRDA:237,9,0,1
DA:238,145
BRDA:238,10,0,1
DA:240,144
DA:241,144
DA:242,144
DA:243,144
DA:253,13
FN:253,SharePriceRouter._removeAdapter
FNDA:13,SharePriceRouter._removeAdapter
DA:254,13
BRDA:254,11,0,3
DA:256,10
DA:257,10
BRDA:257,12,0,-
DA:258,10
DA:261,10
DA:264,10
BRDA:264,13,0,-
DA:265,0
DA:266,0
DA:270,10
DA:273,10
DA:274,10
DA:276,10
DA:284,9
FN:284,SharePriceRouter.removeAdapter
FNDA:9,SharePriceRouter.removeAdapter
DA:285,9
DA:294,243
FN:294,SharePriceRouter.setAssetCategory
FNDA:243,SharePriceRouter.setAssetCategory
DA:295,242
BRDA:295,14,0,1
DA:296,241
BRDA:296,15,0,1
DA:297,240
DA:305,16
FN:305,SharePriceRouter.setSequencer
FNDA:16,SharePriceRouter.setSequencer
DA:306,15
DA:307,15
DA:308,15
DA:318,16
FN:318,SharePriceRouter.setCrossChainAssetMapping
FNDA:16,SharePriceRouter.setCrossChainAssetMapping
DA:319,15
BRDA:319,16,0,1
DA:320,14
BRDA:320,17,0,2
DA:321,2
DA:324,12
DA:325,12
DA:327,12
DA:339,75
FN:339,SharePriceRouter.isSequencerValid
FNDA:75,SharePriceRouter.isSequencerValid
DA:340,75
DA:349,9
FN:349,SharePriceRouter.isSupportedAsset
FNDA:9,SharePriceRouter.isSupportedAsset
DA:350,9
DA:351,9
DA:352,9
BRDA:352,18,0,4
DA:353,4
DA:356,5
DA:366,0
FN:366,SharePriceRouter.getPriceKey
FNDA:0,SharePriceRouter.getPriceKey
DA:367,37
DA:378,9
FN:378,SharePriceRouter.getPrice
FNDA:9,SharePriceRouter.getPrice
DA:379,9
DA:380,4
BRDA:380,19,0,3
DA:381,3
DA:383,0
DA:384,6
DA:396,37
FN:396,SharePriceRouter.getLatestPrice
FNDA:37,SharePriceRouter.getLatestPrice
DA:404,71
BRDA:404,20,0,2
DA:407,69
DA:408,70
DA:410,70
BRDA:410,21,0,63
DA:411,63
DA:413,61
BRDA:413,22,0,57
DA:414,57
DA:420,10
DA:421,10
BRDA:421,23,0,3
DA:422,3
DA:425,7
DA:435,7
FN:435,SharePriceRouter.getSharePrices
FNDA:7,SharePriceRouter.getSharePrices
DA:443,7
DA:444,7
DA:446,7
DA:447,7
DA:448,7
DA:451,7
DA:452,7
DA:455,7
DA:457,7
DA:481,30
FN:481,SharePriceRouter.getLatestSharePrice
FNDA:30,SharePriceRouter.getLatestSharePrice
DA:490,30
BRDA:490,24,0,1
DA:491,1
DA:494,29
BRDA:494,25,0,14
BRDA:494,25,1,2
DA:495,14
DA:497,14
BRDA:497,26,0,14
DA:498,14
DA:502,10
DA:503,10
BRDA:503,27,0,1
DA:504,1
BRDA:504,28,0,1
DA:505,1
DA:509,0
DA:511,0
DA:512,0
BRDA:512,29,0,-
DA:513,0
DA:515,0
DA:519,15
DA:520,14
BRDA:520,30,0,12
DA:521,12
DA:523,0
DA:526,12
DA:536,5
FN:536,SharePriceRouter.getLatestSharePriceReport
FNDA:5,SharePriceRouter.getLatestSharePriceReport
DA:544,5
DA:545,5
DA:556,15
FN:556,SharePriceRouter.calculateSharePrice
FNDA:15,SharePriceRouter.calculateSharePrice
DA:564,15
DA:573,7
FN:573,SharePriceRouter.updatePrice
FNDA:7,SharePriceRouter.updatePrice
DA:574,7
DA:576,7
DA:582,7
DA:591,23
FN:591,SharePriceRouter.updateSharePrices
FNDA:23,SharePriceRouter.updateSharePrices
DA:592,22
DA:593,21
BRDA:593,32,0,-
DA:594,21
BRDA:594,33,0,1
DA:596,20
DA:597,20
DA:598,20
DA:599,20
BRDA:599,34,0,1
DA:600,1
DA:602,19
BRDA:602,35,0,1
DA:605,18
DA:607,18
DA:608,18
DA:610,18
DA:612,18
BRDA:612,36,0,6
DA:615,6
DA:616,6
DA:618,6
BRDA:618,37,0,6
DA:619,6
DA:628,18
DA:632,14
FN:632,SharePriceRouter._getCrossChainRate
FNDA:14,SharePriceRouter._getCrossChainRate
DA:641,14
DA:643,14
BRDA:643,38,0,14
DA:644,14
DA:646,14
DA:647,14
DA:648,14
DA:650,14
BRDA:650,39,0,5
DA:652,5
BRDA:652,40,0,4
DA:653,4
DA:656,5
BRDA:656,41,0,5
DA:657,5
DA:662,5
BRDA:662,42,0,4
DA:663,4
DA:664,4
DA:674,16
FN:674,SharePriceRouter.convertStoredPrice
FNDA:16,SharePriceRouter.convertStoredPrice
DA:684,16
BRDA:684,43,0,1
DA:685,1
DA:689,15
DA:690,15
DA:693,15
BRDA:693,44,0,1
DA:694,1
DA:698,14
BRDA:698,45,0,1
DA:699,1
BRDA:699,46,0,-
BRDA:699,46,1,-
DA:700,0
DA:701,1
BRDA:701,47,0,1
DA:702,1
DA:707,13
DA:720,75
FN:720,SharePriceRouter._isSequencerValid
FNDA:75,SharePriceRouter._isSequencerValid
DA:721,75
BRDA:721,48,0,64
DA:722,64
DA:725,11
DA:729,11
BRDA:729,49,0,4
DA:730,4
DA:733,7
DA:742,5
FN:742,SharePriceRouter._isStale
FNDA:5,SharePriceRouter._isStale
DA:743,5
DA:752,65
FN:752,SharePriceRouter._getAssetDecimals
FNDA:65,SharePriceRouter._getAssetDecimals
DA:753,65
DA:766,28
FN:766,SharePriceRouter._getAssetDecimalsWithReport
FNDA:28,SharePriceRouter._getAssetDecimalsWithReport
DA:767,28
BRDA:767,50,0,-
DA:769,0
DA:770,0
DA:772,28
DA:784,2
FN:784,SharePriceRouter._getAndAdjustDecimals
FNDA:2,SharePriceRouter._getAndAdjustDecimals
DA:793,2
DA:794,2
DA:796,2
DA:797,2
DA:799,2
DA:815,12
FN:815,SharePriceRouter._adjustDecimals
FNDA:12,SharePriceRouter._adjustDecimals
DA:824,12
BRDA:824,51,0,11
DA:825,11
DA:828,1
BRDA:828,52,0,1
BRDA:828,52,1,-
DA:829,1
DA:830,1
DA:832,0
DA:833,0
DA:836,1
DA:846,13
FN:846,SharePriceRouter._getFallbackSharePrice
FNDA:13,SharePriceRouter._getFallbackSharePrice
DA:851,13
BRDA:851,53,0,12
DA:852,12
DA:853,12
DA:854,0
DA:855,0
DA:856,0
DA:859,13
DA:873,0
FN:873,SharePriceRouter._validatePrice
FNDA:0,SharePriceRouter._validatePrice
DA:875,0
DA:876,0
BRDA:876,55,0,-
DA:877,0
DA:879,0
DA:880,0
DA:899,0
FN:899,SharePriceRouter._getCrossChainPrice
FNDA:0,SharePriceRouter._getCrossChainPrice
DA:908,0
DA:909,0
DA:911,0
BRDA:911,57,0,-
DA:912,0
BRDA:912,58,0,-
DA:913,0
DA:916,0
DA:918,0
DA:919,0
BRDA:919,59,0,-
DA:920,0
DA:922,0
DA:924,0
DA:938,15
FN:938,SharePriceRouter._getDstSharePrice
FNDA:15,SharePriceRouter._getDstSharePrice
DA:946,15
DA:947,15
DA:949,14
DA:950,14
DA:952,14
DA:953,14
BRDA:953,60,0,14
DA:954,14
BRDA:954,61,0,3
DA:955,3
DA:958,11
DA:960,10
DA:961,10
BRDA:961,62,0,9
DA:962,9
DA:964,0
DA:966,0
DA:969,2
DA:972,32
FN:972,SharePriceRouter._getLocalEquivalent
FNDA:32,SharePriceRouter._getLocalEquivalent
DA:980,32
DA:982,32
DA:985,32
BRDA:985,63,0,11
DA:986,11
DA:989,32
DA:1002,0
FN:1002,SharePriceRouter._getCrossChainAssetPrice
FNDA:0,SharePriceRouter._getCrossChainAssetPrice
DA:1015,0
DA:1016,0
DA:1018,0
BRDA:1018,64,0,-
DA:1020,0
DA:1021,0
DA:1024,0
BRDA:1024,65,0,-
DA:1025,0
DA:1029,0
DA:1036,0
DA:1043,5
FN:1043,SharePriceRouter._tryLocalEquivalentUsdConversion
FNDA:5,SharePriceRouter._tryLocalEquivalentUsdConversion
DA:1054,5
DA:1055,5
DA:1056,5
DA:1059,5
DA:1061,4
DA:1062,4
DA:1063,4
DA:1064,4
DA:1067,4
BRDA:1067,66,0,-
DA:1068,0
DA:1070,1
DA:1071,1
DA:1075,4
DA:1076,4
DA:1077,4
DA:1079,4
DA:1080,4
DA:1081,4
DA:1082,4
DA:1085,4
BRDA:1085,67,0,-
DA:1086,0
DA:1088,0
DA:1089,0
DA:1093,4
DA:1096,4
BRDA:1096,68,0,1
DA:1097,1
BRDA:1097,69,0,-
BRDA:1097,69,1,1
DA:1098,0
DA:1100,1
DA:1105,4
DA:1107,4
DA:1114,0
FN:1114,SharePriceRouter._tryDirectUsdConversion
FNDA:0,SharePriceRouter._tryDirectUsdConversion
DA:1124,0
DA:1125,0
DA:1126,0
DA:1127,0
DA:1130,0
DA:1131,0
DA:1132,0
DA:1134,0
DA:1135,0
DA:1136,0
DA:1137,0
DA:1140,0
BRDA:1140,70,0,-
DA:1141,0
DA:1143,0
DA:1144,0
DA:1148,0
DA:1149,0
DA:1150,0
DA:1151,0
DA:1153,0
DA:1154,0
DA:1155,0
DA:1156,0
DA:1159,0
BRDA:1159,71,0,-
DA:1160,0
DA:1162,0
DA:1163,0
DA:1167,0
DA:1170,0
BRDA:1170,72,0,-
DA:1171,0
BRDA:1171,73,0,-
BRDA:1171,73,1,-
DA:1172,0
DA:1174,0
DA:1179,0
DA:1181,0
DA:1198,1
FN:1198,SharePriceRouter._convertSameCategory
FNDA:1,SharePriceRouter._convertSameCategory
DA:1209,1
DA:1210,1
DA:1212,1
BRDA:1212,74,0,-
DA:1215,1
DA:1218,1
DA:1221,1
DA:1238,13
FN:1238,SharePriceRouter._convertCrossCategory
FNDA:13,SharePriceRouter._convertCrossCategory
DA:1248,13
DA:1249,12
DA:1251,12
BRDA:1251,75,0,-
DA:1254,12
DA:1255,12
DA:1257,12
DA:1258,12
DA:1261,12
DA:1264,11
BRDA:1264,76,0,2
BRDA:1264,76,1,9
DA:1265,2
DA:1267,9
DA:1270,11
DA:1277,4
FN:1277,SharePriceRouter.notifyFeedRemoval
FNDA:4,SharePriceRouter.notifyFeedRemoval
DA:1278,4
FNF:41
FNH:36
LF:360
LH:272
BRF:80
BRH:48
end_of_record
TN:
SF:src/adapters/Api3.sol
DA:65,97
FN:65,Api3Adapter.constructor
FNDA:97,Api3Adapter.constructor
DA:73,97
DA:88,9
FN:88,Api3Adapter.getPrice
FNDA:9,Api3Adapter.getPrice
DA:90,9
BRDA:90,0,0,2
DA:91,2
DA:94,7
BRDA:94,1,0,7
DA:95,7
DA:98,0
DA:111,33
FN:111,Api3Adapter.addAsset
FNDA:33,Api3Adapter.addAsset
DA:112,33
DA:114,33
BRDA:114,2,0,33
DA:115,33
BRDA:115,3,0,1
DA:116,1
DA:120,32
DA:123,32
BRDA:123,4,0,1
DA:124,1
DA:127,31
DA:129,31
BRDA:129,5,0,31
BRDA:129,5,1,-
DA:130,31
DA:132,0
DA:135,31
DA:138,31
DA:139,31
DA:140,31
DA:141,31
DA:142,31
DA:144,31
DA:145,31
DA:147,31
DA:155,2
FN:155,Api3Adapter.removeAsset
FNDA:2,Api3Adapter.removeAsset
DA:156,2
DA:159,2
BRDA:159,6,0,1
DA:160,1
DA:164,1
DA:167,1
DA:168,1
DA:171,1
DA:173,1
DA:182,7
FN:182,Api3Adapter._getPriceInUSD
FNDA:7,Api3Adapter._getPriceInUSD
DA:183,7
BRDA:183,7,0,7
DA:184,7
DA:187,0
DA:194,0
FN:194,Api3Adapter._getPriceInETH
FNDA:0,Api3Adapter._getPriceInETH
DA:195,0
BRDA:195,8,0,-
DA:196,0
DA:199,0
DA:209,7
FN:209,Api3Adapter._parseData
FNDA:7,Api3Adapter._parseData
DA:210,7
DA:212,7
BRDA:212,9,0,1
DA:213,1
DA:216,6
DA:218,6
BRDA:218,10,0,-
DA:219,0
DA:222,6
DA:223,6
DA:224,6
DA:238,6
FN:238,Api3Adapter._verifyData
FNDA:6,Api3Adapter._verifyData
DA:250,6
BRDA:250,11,0,1
DA:251,1
DA:255,5
BRDA:255,12,0,1
DA:256,1
DA:260,4
BRDA:260,13,0,-
DA:261,0
DA:264,4
FNF:8
FNH:7
LF:64
LH:55
BRF:15
BRH:11
end_of_record
TN:
SF:src/adapters/Chainlink.sol
DA:91,72
FN:91,ChainlinkAdapter.getPrice
FNDA:72,ChainlinkAdapter.getPrice
DA:93,72
BRDA:93,0,0,2
DA:94,2
DA:99,69
BRDA:99,1,0,69
DA:100,69
DA:103,1
DA:113,197
FN:113,ChainlinkAdapter.addAsset
FNDA:197,ChainlinkAdapter.addAsset
DA:114,197
DA:116,197
BRDA:116,2,0,197
DA:117,197
BRDA:117,3,0,1
DA:118,1
DA:123,196
DA:126,196
DA:127,196
DA:132,196
DA:133,196
DA:139,196
BRDA:139,4,0,-
DA:140,0
DA:143,196
BRDA:143,5,0,-
DA:144,0
DA:147,196
DA:149,194
BRDA:149,6,0,194
BRDA:149,6,1,2
DA:150,194
DA:152,2
DA:156,196
DA:157,196
DA:158,196
DA:159,196
DA:160,196
DA:161,196
DA:164,196
DA:165,1
BRDA:165,7,0,1
DA:166,1
DA:169,196
DA:170,196
DA:178,2
FN:178,ChainlinkAdapter.removeAsset
FNDA:2,ChainlinkAdapter.removeAsset
DA:179,2
DA:182,2
BRDA:182,8,0,1
DA:183,1
DA:187,1
DA:190,1
DA:191,1
DA:195,1
DA:196,1
DA:208,69
FN:208,ChainlinkAdapter._getPriceInUSD
FNDA:69,ChainlinkAdapter._getPriceInUSD
DA:209,69
BRDA:209,9,0,69
DA:210,69
DA:213,0
DA:221,1
FN:221,ChainlinkAdapter._getPriceInETH
FNDA:1,ChainlinkAdapter._getPriceInETH
DA:222,0
BRDA:222,10,0,-
DA:223,0
DA:226,1
DA:236,70
FN:236,ChainlinkAdapter._parseData
FNDA:70,ChainlinkAdapter._parseData
DA:237,70
DA:238,70
BRDA:238,11,0,2
DA:239,2
DA:242,68
DA:245,68
BRDA:245,12,0,2
DA:246,2
DA:249,66
DA:251,66
DA:252,66
DA:265,66
FN:265,ChainlinkAdapter._verifyData
FNDA:66,ChainlinkAdapter._verifyData
DA:277,66
BRDA:277,13,0,-
DA:278,0
DA:282,66
BRDA:282,14,0,1
DA:283,1
DA:287,65
BRDA:287,15,0,4
DA:288,4
DA:291,61
FNF:7
FNH:7
LF:70
LH:64
BRF:17
BRH:13
end_of_record
TN:
SF:src/adapters/UniswapV3.sol
DA:59,0
FN:59,UniswapV3Adapter.constructor
FNDA:0,UniswapV3Adapter.constructor
DA:68,0
DA:69,0
DA:81,0
FN:81,UniswapV3Adapter.getPrice
FNDA:0,UniswapV3Adapter.getPrice
DA:83,0
BRDA:83,0,0,-
DA:84,0
DA:87,0
DA:90,0
DA:91,0
DA:92,0
DA:93,0
DA:96,0
DA:103,0
BRDA:103,1,0,-
BRDA:103,1,1,-
DA:105,0
DA:108,0
DA:109,0
DA:112,0
DA:113,0
DA:118,0
BRDA:118,2,0,-
DA:119,0
BRDA:119,3,0,-
DA:122,0
DA:123,0
DA:126,0
DA:129,0
BRDA:129,4,0,-
DA:130,0
DA:131,0
DA:136,0
DA:139,0
BRDA:139,5,0,-
DA:140,0
DA:141,0
DA:144,0
DA:145,0
DA:148,0
BRDA:148,6,0,-
DA:149,0
BRDA:149,7,0,-
DA:152,0
DA:153,0
DA:156,0
DA:159,0
BRDA:159,8,0,-
DA:160,0
DA:161,0
DA:165,0
DA:168,0
BRDA:168,9,0,-
DA:169,0
DA:170,0
DA:175,0
DA:176,0
DA:180,0
BRDA:180,10,0,-
DA:181,0
DA:182,0
DA:185,0
DA:193,0
FN:193,UniswapV3Adapter.addAsset
FNDA:0,UniswapV3Adapter.addAsset
DA:194,0
DA:197,0
BRDA:197,11,0,-
DA:198,0
DA:201,0
DA:204,0
DA:205,0
DA:206,0
BRDA:206,12,0,-
BRDA:206,12,1,-
DA:207,0
DA:208,0
DA:209,0
DA:210,0
BRDA:210,13,0,-
BRDA:210,13,1,-
DA:211,0
DA:212,0
DA:213,0
DA:215,0
DA:219,0
DA:222,0
DA:223,0
BRDA:223,14,0,-
DA:224,0
DA:227,0
DA:228,0
DA:236,0
FN:236,UniswapV3Adapter.removeAsset
FNDA:0,UniswapV3Adapter.removeAsset
DA:237,0
DA:240,0
BRDA:240,15,0,-
DA:241,0
DA:246,0
DA:247,0
DA:251,0
DA:252,0
FNF:4
FNH:0
LF:80
LH:0
BRF:19
BRH:0
end_of_record
TN:
SF:src/libs/Bytes32Helper.sol
DA:17,32
FN:17,Bytes32Helper.stringToBytes32
FNDA:32,Bytes32Helper.stringToBytes32
DA:18,32
DA:19,32
BRDA:19,0,0,-
DA:20,0
DA:25,32
DA:33,0
FN:33,Bytes32Helper._toBytes32
FNDA:0,Bytes32Helper._toBytes32
DA:34,0
DA:35,0
DA:41,0
FN:41,Bytes32Helper._toBytes32WithETH
FNDA:0,Bytes32Helper._toBytes32WithETH
DA:42,0
DA:43,0
DA:49,0
FN:49,Bytes32Helper._toBytes32WithUSD
FNDA:0,Bytes32Helper._toBytes32WithUSD
DA:50,0
DA:51,0
DA:56,0
FN:56,Bytes32Helper._getSymbol
FNDA:0,Bytes32Helper._getSymbol
DA:57,0
FNF:5
FNH:1
LF:16
LH:4
BRF:1
BRH:0
end_of_record
TN:
SF:src/libs/MsgCodec.sol
DA:37,5
FN:37,MsgCodec.encodeVaultAddresses
FNDA:5,MsgCodec.encodeVaultAddresses
DA:47,5
DA:59,7
FN:59,MsgCodec.encodeVaultReports
FNDA:7,MsgCodec.encodeVaultReports
DA:69,7
DA:72,7
DA:73,7
BRDA:73,0,0,-
DA:74,0
DA:77,7
DA:91,2
FN:91,MsgCodec.decodeVaultAddresses
FNDA:2,MsgCodec.decodeVaultAddresses
DA:102,2
BRDA:102,1,0,-
DA:103,0
DA:106,2
DA:110,2
DA:111,2
DA:114,2
BRDA:114,2,0,-
DA:115,0
DA:118,2
DA:131,2
FN:131,MsgCodec.decodeVaultReports
FNDA:2,MsgCodec.decodeVaultReports
DA:136,2
BRDA:136,3,0,-
DA:137,0
DA:140,2
DA:143,2
DA:144,2
DA:147,2
BRDA:147,4,0,-
DA:148,0
DA:151,2
DA:161,5
FN:161,MsgCodec.decodeMsgType
FNDA:5,MsgCodec.decodeMsgType
DA:162,5
BRDA:162,5,0,1
DA:163,1
DA:167,4
DA:168,4
FNF:5
FNH:5
LF:31
LH:26
BRF:6
BRH:1
end_of_record
TN:
SF:src/libs/base/BaseOracleAdapter.sol
DA:62,255
FN:62,BaseOracleAdapter.constructor
FNDA:255,BaseOracleAdapter.constructor
DA:63,255
BRDA:63,0,0,-
DA:64,255
BRDA:64,1,0,-
DA:66,255
DA:68,255
DA:69,255
DA:70,255
DA:96,0
FN:96,BaseOracleAdapter.updateOracleRouter
FNDA:0,BaseOracleAdapter.updateOracleRouter
DA:97,0
DA:98,0
DA:106,179
FN:106,BaseOracleAdapter.grantRole
FNDA:179,BaseOracleAdapter.grantRole
DA:107,179
BRDA:107,2,0,-
DA:108,179
BRDA:108,3,0,-
DA:109,179
DA:110,179
DA:111,179
DA:119,0
FN:119,BaseOracleAdapter.revokeRole
FNDA:0,BaseOracleAdapter.revokeRole
DA:120,0
BRDA:120,4,0,-
DA:121,0
BRDA:121,5,0,-
DA:122,0
DA:123,0
DA:124,0
DA:136,0
FN:136,BaseOracleAdapter._checkOracleOverflow
FNDA:0,BaseOracleAdapter._checkOracleOverflow
DA:137,0
DA:143,179
FN:143,BaseOracleAdapter._checkAdminPermissions
FNDA:179,BaseOracleAdapter._checkAdminPermissions
DA:144,179
DA:150,234
FN:150,BaseOracleAdapter._checkOraclePermissions
FNDA:234,BaseOracleAdapter._checkOraclePermissions
DA:151,234
FNF:7
FNH:4
LF:28
LH:17
BRF:6
BRH:0
end_of_record
TN:
SF:test/base/BaseTest.t.sol
DA:25,62
FN:25,BaseTest._createFork
FNDA:62,BaseTest._createFork
DA:26,62
DA:27,62
DA:28,62
DA:30,62
DA:33,31
FN:33,BaseTest._setUp
FNDA:31,BaseTest._setUp
DA:34,31
BRDA:34,0,0,-
BRDA:34,0,1,31
DA:37,31
DA:38,62
DA:42,31
DA:46,189
FN:46,BaseTest.switchTo
FNDA:189,BaseTest.switchTo
DA:47,189
DA:50,0
FN:50,BaseTest.assertRelApproxEq
FNDA:0,BaseTest.assertRelApproxEq
DA:58,0
DA:60,0
DA:62,0
BRDA:62,2,0,-
DA:63,0
DA:64,0
DA:65,0
DA:66,0
DA:67,0
DA:68,0
DA:72,0
FN:72,BaseTest.assertApproxEq
FNDA:0,BaseTest.assertApproxEq
DA:73,0
DA:75,0
BRDA:75,3,0,-
DA:76,0
DA:77,0
DA:78,0
DA:79,0
DA:80,0
DA:81,0
FNF:5
FNH:3
LF:31
LH:12
BRF:4
BRH:1
end_of_record
TN:
SF:test/mocks/MockChainlinkFeed.sol
DA:16,5
FN:16,MockChainlinkFeed.constructor
FNDA:5,MockChainlinkFeed.constructor
DA:17,5
DA:18,5
DA:19,5
DA:20,5
DA:23,5
FN:23,MockChainlinkFeed.aggregator
FNDA:5,MockChainlinkFeed.aggregator
DA:24,5
DA:27,5
FN:27,MockChainlinkFeed.decimals
FNDA:5,MockChainlinkFeed.decimals
DA:28,5
DA:31,0
FN:31,MockChainlinkFeed.description
FNDA:0,MockChainlinkFeed.description
DA:32,0
DA:35,0
FN:35,MockChainlinkFeed.version
FNDA:0,MockChainlinkFeed.version
DA:36,0
DA:39,0
FN:39,MockChainlinkFeed.getRoundData
FNDA:0,MockChainlinkFeed.getRoundData
DA:44,0
DA:47,3
FN:47,MockChainlinkFeed.latestRoundData
FNDA:3,MockChainlinkFeed.latestRoundData
DA:52,3
DA:57,1
FN:57,MockChainlinkFeed.setPrice
FNDA:1,MockChainlinkFeed.setPrice
DA:58,1
DA:59,1
DA:60,1
DA:63,1
FN:63,MockChainlinkFeed.setUpdatedAt
FNDA:1,MockChainlinkFeed.setUpdatedAt
DA:64,1
FNF:9
FNH:6
LF:23
LH:17
BRF:0
BRH:0
end_of_record
TN:
SF:test/mocks/MockChainlinkSequencer.sol
DA:8,4
FN:8,MockChainlinkSequencer.constructor
FNDA:4,MockChainlinkSequencer.constructor
DA:9,4
DA:12,2
FN:12,MockChainlinkSequencer.setDown
FNDA:2,MockChainlinkSequencer.setDown
DA:13,2
DA:16,0
FN:16,MockChainlinkSequencer.setUp
FNDA:0,MockChainlinkSequencer.setUp
DA:17,0
DA:20,3
FN:20,MockChainlinkSequencer.setStartedAt
FNDA:3,MockChainlinkSequencer.setStartedAt
DA:21,3
DA:24,4
FN:24,MockChainlinkSequencer.latestRoundData
FNDA:4,MockChainlinkSequencer.latestRoundData
DA:29,4
FNF:5
FNH:4
LF:10
LH:8
BRF:0
BRH:0
end_of_record
TN:
SF:test/mocks/MockVault.sol
DA:16,353
FN:16,MockVault.constructor
FNDA:353,MockVault.constructor
DA:17,353
DA:18,353
DA:19,353
DA:22,14
FN:22,MockVault.convertToAssets
FNDA:14,MockVault.convertToAssets
DA:24,14
DA:25,14
DA:29,0
FN:29,MockVault.totalSupply
FNDA:0,MockVault.totalSupply
DA:30,0
DA:33,0
FN:33,MockVault.balanceOf
FNDA:0,MockVault.balanceOf
DA:34,0
DA:37,0
FN:37,MockVault.transfer
FNDA:0,MockVault.transfer
DA:38,0
DA:41,0
FN:41,MockVault.allowance
FNDA:0,MockVault.allowance
DA:42,0
DA:45,0
FN:45,MockVault.approve
FNDA:0,MockVault.approve
DA:46,0
DA:49,0
FN:49,MockVault.transferFrom
FNDA:0,MockVault.transferFrom
DA:50,0
DA:54,0
FN:54,MockVault.totalAssets
FNDA:0,MockVault.totalAssets
DA:55,0
DA:58,0
FN:58,MockVault.convertToShares
FNDA:0,MockVault.convertToShares
DA:59,0
DA:62,0
FN:62,MockVault.maxDeposit
FNDA:0,MockVault.maxDeposit
DA:63,0
DA:66,0
FN:66,MockVault.previewDeposit
FNDA:0,MockVault.previewDeposit
DA:67,0
DA:70,0
FN:70,MockVault.deposit
FNDA:0,MockVault.deposit
DA:71,0
DA:74,0
FN:74,MockVault.maxMint
FNDA:0,MockVault.maxMint
DA:75,0
DA:78,0
FN:78,MockVault.previewMint
FNDA:0,MockVault.previewMint
DA:79,0
DA:82,0
FN:82,MockVault.mint
FNDA:0,MockVault.mint
DA:83,0
DA:86,0
FN:86,MockVault.maxWithdraw
FNDA:0,MockVault.maxWithdraw
DA:87,0
DA:90,0
FN:90,MockVault.previewWithdraw
FNDA:0,MockVault.previewWithdraw
DA:91,0
DA:94,0
FN:94,MockVault.withdraw
FNDA:0,MockVault.withdraw
DA:95,0
DA:98,0
FN:98,MockVault.maxRedeem
FNDA:0,MockVault.maxRedeem
DA:99,0
DA:102,0
FN:102,MockVault.previewRedeem
FNDA:0,MockVault.previewRedeem
DA:103,0
DA:106,0
FN:106,MockVault.redeem
FNDA:0,MockVault.redeem
DA:107,0
FNF:22
FNH:2
LF:47
LH:7
BRF:0
BRH:0
end_of_record
TN:
SF:test/utils/Utilities.sol
DA:13,0
FN:13,Utilities.createUser
FNDA:0,Utilities.createUser
DA:14,0
DA:15,0
DA:16,0
DA:17,0
DA:19,0
DA:25,0
FN:25,Utilities.mineBlocks
FNDA:0,Utilities.mineBlocks
DA:26,0
DA:27,0
FNF:2
FNH:0
LF:9
LH:0
BRF:0
BRH:0
end_of_record
